# JRE version: OpenJDK Runtime Environment (8.0_242-b01) (build 1.8.0_242-release-1644-b01)
# Java VM: OpenJDK 64-Bit Server VM (25.242-b01 mixed mode windows-amd64 compressed oops)
Heap:
 PSYoungGen      total 451072K, used 236977K [0x00000000d5580000, 0x00000000f3780000, 0x0000000100000000)
  eden space 412672K, 53% used [0x00000000d5580000,0x00000000e2d215b8,0x00000000ee880000)
  from space 38400K, 42% used [0x00000000f1200000,0x00000000f21cb070,0x00000000f3780000)
  to   space 40448K, 0% used [0x00000000ee880000,0x00000000ee880000,0x00000000f1000000)
 ParOldGen       total 174080K, used 114615K [0x0000000080000000, 0x000000008aa00000, 0x00000000d5580000)
  object space 174080K, 65% used [0x0000000080000000,0x0000000086fedd68,0x000000008aa00000)
 Metaspace       used 77882K, capacity 81588K, committed 81712K, reserved 1120256K
  class space    used 10521K, capacity 11256K, committed 11312K, reserved 1048576K
GC Heap History (10 events):
Event: 42.180 GC heap before
{Heap before GC invocations=22 (full 4):
 PSYoungGen      total 344064K, used 300512K [0x00000000d5580000, 0x00000000f0780000, 0x0000000100000000)
  eden space 296448K, 100% used [0x00000000d5580000,0x00000000e7700000,0x00000000e7700000)
  from space 47616K, 8% used [0x00000000e7700000,0x00000000e7af8010,0x00000000ea580000)
  to   space 46080K, 0% used [0x00000000eda80000,0x00000000eda80000,0x00000000f0780000)
 ParOldGen       total 174080K, used 111055K [0x0000000080000000, 0x000000008aa00000, 0x00000000d5580000)
  object space 174080K, 63% used [0x0000000080000000,0x0000000086c73d58,0x000000008aa00000)
 Metaspace       used 77265K, capacity 80674K, committed 80944K, reserved 1118208K
  class space    used 10458K, capacity 11147K, committed 11312K, reserved 1048576K
Event: 42.206 GC heap after
Heap after GC invocations=22 (full 4):
 PSYoungGen      total 393216K, used 5952K [0x00000000d5580000, 0x00000000f0380000, 0x0000000100000000)
  eden space 351232K, 0% used [0x00000000d5580000,0x00000000d5580000,0x00000000eac80000)
  from space 41984K, 14% used [0x00000000eda80000,0x00000000ee050220,0x00000000f0380000)
  to   space 44544K, 0% used [0x00000000eac80000,0x00000000eac80000,0x00000000ed800000)
 ParOldGen       total 174080K, used 111063K [0x0000000080000000, 0x000000008aa00000, 0x00000000d5580000)
  object space 174080K, 63% used [0x0000000080000000,0x0000000086c75d58,0x000000008aa00000)
 Metaspace       used 77265K, capacity 80674K, committed 80944K, reserved 1118208K
  class space    used 10458K, capacity 11147K, committed 11312K, reserved 1048576K
}
Event: 43.671 GC heap before
{Heap before GC invocations=23 (full 4):
 PSYoungGen      total 393216K, used 357184K [0x00000000d5580000, 0x00000000f0380000, 0x0000000100000000)
  eden space 351232K, 100% used [0x00000000d5580000,0x00000000eac80000,0x00000000eac80000)
  from space 41984K, 14% used [0x00000000eda80000,0x00000000ee050220,0x00000000f0380000)
  to   space 44544K, 0% used [0x00000000eac80000,0x00000000eac80000,0x00000000ed800000)
 ParOldGen       total 174080K, used 111063K [0x0000000080000000, 0x000000008aa00000, 0x00000000d5580000)
  object space 174080K, 63% used [0x0000000080000000,0x0000000086c75d58,0x000000008aa00000)
 Metaspace       used 77608K, capacity 81190K, committed 81456K, reserved 1120256K
  class space    used 10504K, capacity 11217K, committed 11312K, reserved 1048576K
Event: 43.691 GC heap after
Heap after GC invocations=23 (full 4):
 PSYoungGen      total 395776K, used 7248K [0x00000000d5580000, 0x00000000f3b80000, 0x0000000100000000)
  eden space 351232K, 0% used [0x00000000d5580000,0x00000000d5580000,0x00000000eac80000)
  from space 44544K, 16% used [0x00000000eac80000,0x00000000eb394070,0x00000000ed800000)
  to   space 42496K, 0% used [0x00000000f1200000,0x00000000f1200000,0x00000000f3b80000)
 ParOldGen       total 174080K, used 111071K [0x0000000080000000, 0x000000008aa00000, 0x00000000d5580000)
  object space 174080K, 63% used [0x0000000080000000,0x0000000086c77d58,0x000000008aa00000)
 Metaspace       used 77608K, capacity 81190K, committed 81456K, reserved 1120256K
  class space    used 10504K, capacity 11217K, committed 11312K, reserved 1048576K
}
Event: 44.994 GC heap before
{Heap before GC invocations=24 (full 4):
 PSYoungGen      total 395776K, used 358480K [0x00000000d5580000, 0x00000000f3b80000, 0x0000000100000000)
  eden space 351232K, 100% used [0x00000000d5580000,0x00000000eac80000,0x00000000eac80000)
  from space 44544K, 16% used [0x00000000eac80000,0x00000000eb394070,0x00000000ed800000)
  to   space 42496K, 0% used [0x00000000f1200000,0x00000000f1200000,0x00000000f3b80000)
 ParOldGen       total 174080K, used 111071K [0x0000000080000000, 0x000000008aa00000, 0x00000000d5580000)
  object space 174080K, 63% used [0x0000000080000000,0x0000000086c77d58,0x000000008aa00000)
 Metaspace       used 77776K, capacity 81452K, committed 81712K, reserved 1120256K
  class space    used 10517K, capacity 11256K, committed 11312K, reserved 1048576K
Event: 45.021 GC heap after
Heap after GC invocations=24 (full 4):
 PSYoungGen      total 451072K, used 9248K [0x00000000d5580000, 0x00000000f3780000, 0x0000000100000000)
  eden space 412672K, 0% used [0x00000000d5580000,0x00000000d5580000,0x00000000ee880000)
  from space 38400K, 24% used [0x00000000f1200000,0x00000000f1b08020,0x00000000f3780000)
  to   space 40448K, 0% used [0x00000000ee880000,0x00000000ee880000,0x00000000f1000000)
 ParOldGen       total 174080K, used 111079K [0x0000000080000000, 0x000000008aa00000, 0x00000000d5580000)
  object space 174080K, 63% used [0x0000000080000000,0x0000000086c79d58,0x000000008aa00000)
 Metaspace       used 77776K, capacity 81452K, committed 81712K, reserved 1120256K
  class space    used 10517K, capacity 11256K, committed 11312K, reserved 1048576K
}
Event: 46.451 GC heap before
{Heap before GC invocations=25 (full 4):
 PSYoungGen      total 451072K, used 421920K [0x00000000d5580000, 0x00000000f3780000, 0x0000000100000000)
  eden space 412672K, 100% used [0x00000000d5580000,0x00000000ee880000,0x00000000ee880000)
  from space 38400K, 24% used [0x00000000f1200000,0x00000000f1b08020,0x00000000f3780000)
  to   space 40448K, 0% used [0x00000000ee880000,0x00000000ee880000,0x00000000f1000000)
 ParOldGen       total 174080K, used 111079K [0x0000000080000000, 0x000000008aa00000, 0x00000000d5580000)
  object space 174080K, 63% used [0x0000000080000000,0x0000000086c79d58,0x000000008aa00000)
 Metaspace       used 77827K, capacity 81520K, committed 81712K, reserved 1120256K
  class space    used 10521K, capacity 11256K, committed 11312K, reserved 1048576K
Event: 46.634 GC heap after
Heap after GC invocations=25 (full 4):
 PSYoungGen      total 453120K, used 21267K [0x00000000d5580000, 0x00000000f3780000, 0x0000000100000000)
  eden space 412672K, 0% used [0x00000000d5580000,0x00000000d5580000,0x00000000ee880000)
  from space 40448K, 52% used [0x00000000ee880000,0x00000000efd44f78,0x00000000f1000000)
  to   space 38400K, 0% used [0x00000000f1200000,0x00000000f1200000,0x00000000f3780000)
 ParOldGen       total 174080K, used 111079K [0x0000000080000000, 0x000000008aa00000, 0x00000000d5580000)
  object space 174080K, 63% used [0x0000000080000000,0x0000000086c79d58,0x000000008aa00000)
 Metaspace       used 77827K, capacity 81520K, committed 81712K, reserved 1120256K
  class space    used 10521K, capacity 11256K, committed 11312K, reserved 1048576K
}
Event: 47.985 GC heap before
{Heap before GC invocations=26 (full 4):
 PSYoungGen      total 453120K, used 433939K [0x00000000d5580000, 0x00000000f3780000, 0x0000000100000000)
  eden space 412672K, 100% used [0x00000000d5580000,0x00000000ee880000,0x00000000ee880000)
  from space 40448K, 52% used [0x00000000ee880000,0x00000000efd44f78,0x00000000f1000000)
  to   space 38400K, 0% used [0x00000000f1200000,0x00000000f1200000,0x00000000f3780000)
 ParOldGen       total 174080K, used 111079K [0x0000000080000000, 0x000000008aa00000, 0x00000000d5580000)
  object space 174080K, 63% used [0x0000000080000000,0x0000000086c79d58,0x000000008aa00000)
 Metaspace       used 77869K, capacity 81588K, committed 81712K, reserved 1120256K
  class space    used 10521K, capacity 11256K, committed 11312K, reserved 1048576K
Event: 48.024 GC heap after
Heap after GC invocations=26 (full 4):
 PSYoungGen      total 451072K, used 16172K [0x00000000d5580000, 0x00000000f3780000, 0x0000000100000000)
  eden space 412672K, 0% used [0x00000000d5580000,0x00000000d5580000,0x00000000ee880000)
  from space 38400K, 42% used [0x00000000f1200000,0x00000000f21cb070,0x00000000f3780000)
  to   space 40448K, 0% used [0x00000000ee880000,0x00000000ee880000,0x00000000f1000000)
 ParOldGen       total 174080K, used 114615K [0x0000000080000000, 0x000000008aa00000, 0x00000000d5580000)
  object space 174080K, 65% used [0x0000000080000000,0x0000000086fedd68,0x000000008aa00000)
 Metaspace       used 77869K, capacity 81588K, committed 81712K, reserved 1120256K
  class space    used 10521K, capacity 11256K, committed 11312K, reserved 1048576K
}

