# JRE version: OpenJDK Runtime Environment (8.0_242-b01) (build 1.8.0_242-release-1644-b01)
# Java VM: OpenJDK 64-Bit Server VM (25.242-b01 mixed mode windows-amd64 compressed oops)
Heap:
 PSYoungGen      total 376320K, used 161804K [0x00000000d5580000, 0x00000000f1180000, 0x0000000100000000)
  eden space 317440K, 46% used [0x00000000d5580000,0x00000000de6e2590,0x00000000e8b80000)
  from space 58880K, 21% used [0x00000000ec880000,0x00000000ed520c70,0x00000000f0200000)
  to   space 62464K, 0% used [0x00000000e8b80000,0x00000000e8b80000,0x00000000ec880000)
 ParOldGen       total 170496K, used 81253K [0x0000000080000000, 0x000000008a680000, 0x00000000d5580000)
  object space 170496K, 47% used [0x0000000080000000,0x0000000084f594a8,0x000000008a680000)
 Metaspace       used 110424K, capacity 116218K, committed 116376K, reserved 1150976K
  class space    used 14092K, capacity 15143K, committed 15272K, reserved 1048576K
GC Heap History (10 events):
Event: 7043.253 GC heap before
{Heap before GC invocations=34 (full 4):
 PSYoungGen      total 379904K, used 365089K [0x00000000d5580000, 0x00000000f1180000, 0x0000000100000000)
  eden space 317440K, 100% used [0x00000000d5580000,0x00000000e8b80000,0x00000000e8b80000)
  from space 62464K, 76% used [0x00000000e8b80000,0x00000000eba085c0,0x00000000ec880000)
  to   space 58880K, 0% used [0x00000000ec880000,0x00000000ec880000,0x00000000f0200000)
 ParOldGen       total 170496K, used 54743K [0x0000000080000000, 0x000000008a680000, 0x00000000d5580000)
  object space 170496K, 32% used [0x0000000080000000,0x0000000083575dc0,0x000000008a680000)
 Metaspace       used 110209K, capacity 116036K, committed 116376K, reserved 1150976K
  class space    used 14089K, capacity 15138K, committed 15272K, reserved 1048576K
Event: 7043.324 GC heap after
Heap after GC invocations=34 (full 4):
 PSYoungGen      total 376320K, used 48108K [0x00000000d5580000, 0x00000000f1180000, 0x0000000100000000)
  eden space 317440K, 0% used [0x00000000d5580000,0x00000000d5580000,0x00000000e8b80000)
  from space 58880K, 81% used [0x00000000ec880000,0x00000000ef77b3b0,0x00000000f0200000)
  to   space 62464K, 0% used [0x00000000e8b80000,0x00000000e8b80000,0x00000000ec880000)
 ParOldGen       total 170496K, used 54751K [0x0000000080000000, 0x000000008a680000, 0x00000000d5580000)
  object space 170496K, 32% used [0x0000000080000000,0x0000000083577dc0,0x000000008a680000)
 Metaspace       used 110209K, capacity 116036K, committed 116376K, reserved 1150976K
  class space    used 14089K, capacity 15138K, committed 15272K, reserved 1048576K
}
Event: 7044.421 GC heap before
{Heap before GC invocations=35 (full 4):
 PSYoungGen      total 376320K, used 365548K [0x00000000d5580000, 0x00000000f1180000, 0x0000000100000000)
  eden space 317440K, 100% used [0x00000000d5580000,0x00000000e8b80000,0x00000000e8b80000)
  from space 58880K, 81% used [0x00000000ec880000,0x00000000ef77b3b0,0x00000000f0200000)
  to   space 62464K, 0% used [0x00000000e8b80000,0x00000000e8b80000,0x00000000ec880000)
 ParOldGen       total 170496K, used 54751K [0x0000000080000000, 0x000000008a680000, 0x00000000d5580000)
  object space 170496K, 32% used [0x0000000080000000,0x0000000083577dc0,0x000000008a680000)
 Metaspace       used 110237K, capacity 116040K, committed 116376K, reserved 1150976K
  class space    used 14089K, capacity 15138K, committed 15272K, reserved 1048576K
Event: 7044.499 GC heap after
Heap after GC invocations=35 (full 4):
 PSYoungGen      total 379904K, used 47793K [0x00000000d5580000, 0x00000000f1180000, 0x0000000100000000)
  eden space 317440K, 0% used [0x00000000d5580000,0x00000000d5580000,0x00000000e8b80000)
  from space 62464K, 76% used [0x00000000e8b80000,0x00000000eba2c780,0x00000000ec880000)
  to   space 58880K, 0% used [0x00000000ec880000,0x00000000ec880000,0x00000000f0200000)
 ParOldGen       total 170496K, used 54751K [0x0000000080000000, 0x000000008a680000, 0x00000000d5580000)
  object space 170496K, 32% used [0x0000000080000000,0x0000000083577dc0,0x000000008a680000)
 Metaspace       used 110237K, capacity 116040K, committed 116376K, reserved 1150976K
  class space    used 14089K, capacity 15138K, committed 15272K, reserved 1048576K
}
Event: 7046.387 GC heap before
{Heap before GC invocations=36 (full 4):
 PSYoungGen      total 379904K, used 365233K [0x00000000d5580000, 0x00000000f1180000, 0x0000000100000000)
  eden space 317440K, 100% used [0x00000000d5580000,0x00000000e8b80000,0x00000000e8b80000)
  from space 62464K, 76% used [0x00000000e8b80000,0x00000000eba2c780,0x00000000ec880000)
  to   space 58880K, 0% used [0x00000000ec880000,0x00000000ec880000,0x00000000f0200000)
 ParOldGen       total 170496K, used 54751K [0x0000000080000000, 0x000000008a680000, 0x00000000d5580000)
  object space 170496K, 32% used [0x0000000080000000,0x0000000083577dc0,0x000000008a680000)
 Metaspace       used 110286K, capacity 116104K, committed 116376K, reserved 1150976K
  class space    used 14089K, capacity 15138K, committed 15272K, reserved 1048576K
Event: 7046.482 GC heap after
Heap after GC invocations=36 (full 4):
 PSYoungGen      total 376320K, used 42681K [0x00000000d5580000, 0x00000000f1180000, 0x0000000100000000)
  eden space 317440K, 0% used [0x00000000d5580000,0x00000000d5580000,0x00000000e8b80000)
  from space 58880K, 72% used [0x00000000ec880000,0x00000000ef22e710,0x00000000f0200000)
  to   space 62464K, 0% used [0x00000000e8b80000,0x00000000e8b80000,0x00000000ec880000)
 ParOldGen       total 170496K, used 54759K [0x0000000080000000, 0x000000008a680000, 0x00000000d5580000)
  object space 170496K, 32% used [0x0000000080000000,0x0000000083579dc0,0x000000008a680000)
 Metaspace       used 110286K, capacity 116104K, committed 116376K, reserved 1150976K
  class space    used 14089K, capacity 15138K, committed 15272K, reserved 1048576K
}
Event: 7048.544 GC heap before
{Heap before GC invocations=37 (full 4):
 PSYoungGen      total 376320K, used 360121K [0x00000000d5580000, 0x00000000f1180000, 0x0000000100000000)
  eden space 317440K, 100% used [0x00000000d5580000,0x00000000e8b80000,0x00000000e8b80000)
  from space 58880K, 72% used [0x00000000ec880000,0x00000000ef22e710,0x00000000f0200000)
  to   space 62464K, 0% used [0x00000000e8b80000,0x00000000e8b80000,0x00000000ec880000)
 ParOldGen       total 170496K, used 54759K [0x0000000080000000, 0x000000008a680000, 0x00000000d5580000)
  object space 170496K, 32% used [0x0000000080000000,0x0000000083579dc0,0x000000008a680000)
 Metaspace       used 110371K, capacity 116176K, committed 116376K, reserved 1150976K
  class space    used 14089K, capacity 15138K, committed 15272K, reserved 1048576K
Event: 7048.631 GC heap after
Heap after GC invocations=37 (full 4):
 PSYoungGen      total 379904K, used 24395K [0x00000000d5580000, 0x00000000f1180000, 0x0000000100000000)
  eden space 317440K, 0% used [0x00000000d5580000,0x00000000d5580000,0x00000000e8b80000)
  from space 62464K, 39% used [0x00000000e8b80000,0x00000000ea352dc0,0x00000000ec880000)
  to   space 58880K, 0% used [0x00000000ec880000,0x00000000ec880000,0x00000000f0200000)
 ParOldGen       total 170496K, used 63264K [0x0000000080000000, 0x000000008a680000, 0x00000000d5580000)
  object space 170496K, 37% used [0x0000000080000000,0x0000000083dc81d8,0x000000008a680000)
 Metaspace       used 110371K, capacity 116176K, committed 116376K, reserved 1150976K
  class space    used 14089K, capacity 15138K, committed 15272K, reserved 1048576K
}
Event: 7050.117 GC heap before
{Heap before GC invocations=38 (full 4):
 PSYoungGen      total 379904K, used 341835K [0x00000000d5580000, 0x00000000f1180000, 0x0000000100000000)
  eden space 317440K, 100% used [0x00000000d5580000,0x00000000e8b80000,0x00000000e8b80000)
  from space 62464K, 39% used [0x00000000e8b80000,0x00000000ea352dc0,0x00000000ec880000)
  to   space 58880K, 0% used [0x00000000ec880000,0x00000000ec880000,0x00000000f0200000)
 ParOldGen       total 170496K, used 63264K [0x0000000080000000, 0x000000008a680000, 0x00000000d5580000)
  object space 170496K, 37% used [0x0000000080000000,0x0000000083dc81d8,0x000000008a680000)
 Metaspace       used 110413K, capacity 116218K, committed 116376K, reserved 1150976K
  class space    used 14092K, capacity 15143K, committed 15272K, reserved 1048576K
Event: 7050.192 GC heap after
Heap after GC invocations=38 (full 4):
 PSYoungGen      total 376320K, used 12931K [0x00000000d5580000, 0x00000000f1180000, 0x0000000100000000)
  eden space 317440K, 0% used [0x00000000d5580000,0x00000000d5580000,0x00000000e8b80000)
  from space 58880K, 21% used [0x00000000ec880000,0x00000000ed520c70,0x00000000f0200000)
  to   space 62464K, 0% used [0x00000000e8b80000,0x00000000e8b80000,0x00000000ec880000)
 ParOldGen       total 170496K, used 81253K [0x0000000080000000, 0x000000008a680000, 0x00000000d5580000)
  object space 170496K, 47% used [0x0000000080000000,0x0000000084f594a8,0x000000008a680000)
 Metaspace       used 110413K, capacity 116218K, committed 116376K, reserved 1150976K
  class space    used 14092K, capacity 15143K, committed 15272K, reserved 1048576K
}

